<?xml version="1.0" encoding="UTF-8"?>
<testng-results skipped="0" failed="0" ignored="0" total="1" passed="1">
  <reporter-output>
  </reporter-output>
  <suite name="Suite" duration-ms="43" started-at="2020-05-23T15:26:48Z" finished-at="2020-05-23T15:26:48Z">
    <groups>
    </groups>
    <test name="Test" duration-ms="43" started-at="2020-05-23T15:26:48Z" finished-at="2020-05-23T15:26:48Z">
      <class name="demo.TestBuild">
        <test-method status="PASS" signature="doLogin()[pri:0, instance:demo.TestBuild@3c756e4d]" name="doLogin" duration-ms="24" started-at="2020-05-23T20:56:48Z" finished-at="2020-05-23T20:56:48Z">
          <reporter-output>
          </reporter-output>
        </test-method> <!-- doLogin -->
      </class> <!-- demo.TestBuild -->
    </test> <!-- Test -->
  </suite> <!-- Suite -->
</testng-results>
